<?xml version="1.0" encoding="UTF-8"?>
<!-- Generated by org.testng.reporters.JUnitReportReporter -->
<testsuite hostname="DESKTOP-34UUCH5" failures="0" tests="1" name="test.LoginTest" time="3.382" errors="0" timestamp="2024-06-04T15:54:49 PDT" skipped="0">
  <testcase classname="test.LoginTest" name="validateAlertMessages" time="3.382"/>
  <system-out/>
</testsuite> <!-- test.LoginTest -->
